<?xml version="1.0" encoding="UTF-8"?>
<!-- Generated by org.testng.reporters.JUnitReportReporter -->
<testsuite skipped="0" hostname="athithan-7130" name="com.hippo.testModules.validateCreateProspect" tests="1" failures="0" timestamp="23 Aug 2019 06:37:34 GMT" time="149.476" errors="0">
  <testcase name="sendSampleToEmail" time="149.476" classname="com.hippo.testModules.validateCreateProspect"/>
</testsuite> <!-- com.hippo.testModules.validateCreateProspect -->
